node:internal/modules/cjs/loader:1421
  const err = new Error(message);
              ^

Error: Cannot find module '../api/_lib/rate-limit'
Require stack:
- E:\webside\public-api-handlers\storage-order-submit.js
- E:\webside\api\public\[...action].js
- E:\webside\dev-server.js
    at Module._resolveFilename (node:internal/modules/cjs/loader:1421:15)
    at defaultResolveImpl (node:internal/modules/cjs/loader:1059:19)
    at resolveForCJSWithHooks (node:internal/modules/cjs/loader:1064:22)
    at Module._load (node:internal/modules/cjs/loader:1227:37)
    at TracingChannel.traceSync (node:diagnostics_channel:328:14)
    at wrapModuleLoad (node:internal/modules/cjs/loader:245:24)
    at Module.require (node:internal/modules/cjs/loader:1504:12)
    at require (node:internal/modules/helpers:152:16)
    at Object.<anonymous> (E:\webside\public-api-handlers\storage-order-submit.js:3:30)
    at Module._compile (node:internal/modules/cjs/loader:1761:14) {
  code: 'MODULE_NOT_FOUND',
  requireStack: [
    'E:\\webside\\public-api-handlers\\storage-order-submit.js',
    'E:\\webside\\api\\public\\[...action].js',
    'E:\\webside\\dev-server.js'
  ]
}

Node.js v24.13.0
